C:\Users\김태호\Desktop\AntraAssignments\2021June-main\MovieShopMVC\MovieShopSPA\dist\out-tsc\app\admin\create-cast\create-cast.component.js
C:\Users\김태호\Desktop\AntraAssignments\2021June-main\MovieShopMVC\MovieShopSPA\dist\out-tsc\app\admin\create-cast\create-cast.component.js.map
C:\Users\김태호\Desktop\AntraAssignments\2021June-main\MovieShopMVC\MovieShopSPA\dist\out-tsc\app\admin\create-movie\create-movie.component.js
C:\Users\김태호\Desktop\AntraAssignments\2021June-main\MovieShopMVC\MovieShopSPA\dist\out-tsc\app\admin\create-movie\create-movie.component.js.map
C:\Users\김태호\Desktop\AntraAssignments\2021June-main\MovieShopMVC\MovieShopSPA\dist\out-tsc\app\auth\login\login.component.js
C:\Users\김태호\Desktop\AntraAssignments\2021June-main\MovieShopMVC\MovieShopSPA\dist\out-tsc\app\auth\login\login.component.js.map
C:\Users\김태호\Desktop\AntraAssignments\2021June-main\MovieShopMVC\MovieShopSPA\dist\out-tsc\app\auth\register\register.component.js
C:\Users\김태호\Desktop\AntraAssignments\2021June-main\MovieShopMVC\MovieShopSPA\dist\out-tsc\app\auth\register\register.component.js.map
C:\Users\김태호\Desktop\AntraAssignments\2021June-main\MovieShopMVC\MovieShopSPA\dist\out-tsc\app\home\home.component.js
C:\Users\김태호\Desktop\AntraAssignments\2021June-main\MovieShopMVC\MovieShopSPA\dist\out-tsc\app\home\home.component.js.map
C:\Users\김태호\Desktop\AntraAssignments\2021June-main\MovieShopMVC\MovieShopSPA\dist\out-tsc\app\movies\movie-details\movie-details.component.js
C:\Users\김태호\Desktop\AntraAssignments\2021June-main\MovieShopMVC\MovieShopSPA\dist\out-tsc\app\movies\movie-details\movie-details.component.js.map
C:\Users\김태호\Desktop\AntraAssignments\2021June-main\MovieShopMVC\MovieShopSPA\dist\out-tsc\app\app-routing.module.js
C:\Users\김태호\Desktop\AntraAssignments\2021June-main\MovieShopMVC\MovieShopSPA\dist\out-tsc\app\app-routing.module.js.map
C:\Users\김태호\Desktop\AntraAssignments\2021June-main\MovieShopMVC\MovieShopSPA\dist\out-tsc\app\app.component.js
C:\Users\김태호\Desktop\AntraAssignments\2021June-main\MovieShopMVC\MovieShopSPA\dist\out-tsc\app\app.component.js.map
C:\Users\김태호\Desktop\AntraAssignments\2021June-main\MovieShopMVC\MovieShopSPA\dist\out-tsc\app\core\layout\header\header.component.js
C:\Users\김태호\Desktop\AntraAssignments\2021June-main\MovieShopMVC\MovieShopSPA\dist\out-tsc\app\core\layout\header\header.component.js.map
C:\Users\김태호\Desktop\AntraAssignments\2021June-main\MovieShopMVC\MovieShopSPA\dist\out-tsc\app\core\layout\genres\genres.component.js
C:\Users\김태호\Desktop\AntraAssignments\2021June-main\MovieShopMVC\MovieShopSPA\dist\out-tsc\app\core\layout\genres\genres.component.js.map
C:\Users\김태호\Desktop\AntraAssignments\2021June-main\MovieShopMVC\MovieShopSPA\dist\out-tsc\app\shared\component\movie-card\movie-card.component.js
C:\Users\김태호\Desktop\AntraAssignments\2021June-main\MovieShopMVC\MovieShopSPA\dist\out-tsc\app\shared\component\movie-card\movie-card.component.js.map
C:\Users\김태호\Desktop\AntraAssignments\2021June-main\MovieShopMVC\MovieShopSPA\dist\out-tsc\app\admin\update-cast\update-cast.component.js
C:\Users\김태호\Desktop\AntraAssignments\2021June-main\MovieShopMVC\MovieShopSPA\dist\out-tsc\app\admin\update-cast\update-cast.component.js.map
C:\Users\김태호\Desktop\AntraAssignments\2021June-main\MovieShopMVC\MovieShopSPA\dist\out-tsc\app\admin\update-movie\update-movie.component.js
C:\Users\김태호\Desktop\AntraAssignments\2021June-main\MovieShopMVC\MovieShopSPA\dist\out-tsc\app\admin\update-movie\update-movie.component.js.map
C:\Users\김태호\Desktop\AntraAssignments\2021June-main\MovieShopMVC\MovieShopSPA\dist\out-tsc\app\user\purchased-movies\purchased-movies.component.js
C:\Users\김태호\Desktop\AntraAssignments\2021June-main\MovieShopMVC\MovieShopSPA\dist\out-tsc\app\user\purchased-movies\purchased-movies.component.js.map
C:\Users\김태호\Desktop\AntraAssignments\2021June-main\MovieShopMVC\MovieShopSPA\dist\out-tsc\app\user\favorited-movies\favorited-movies.component.js
C:\Users\김태호\Desktop\AntraAssignments\2021June-main\MovieShopMVC\MovieShopSPA\dist\out-tsc\app\user\favorited-movies\favorited-movies.component.js.map
C:\Users\김태호\Desktop\AntraAssignments\2021June-main\MovieShopMVC\MovieShopSPA\dist\out-tsc\app\user\reviewed-movies\reviewed-movies.component.js
C:\Users\김태호\Desktop\AntraAssignments\2021June-main\MovieShopMVC\MovieShopSPA\dist\out-tsc\app\user\reviewed-movies\reviewed-movies.component.js.map
C:\Users\김태호\Desktop\AntraAssignments\2021June-main\MovieShopMVC\MovieShopSPA\dist\out-tsc\app\user\profile\profile.component.js
C:\Users\김태호\Desktop\AntraAssignments\2021June-main\MovieShopMVC\MovieShopSPA\dist\out-tsc\app\user\profile\profile.component.js.map
C:\Users\김태호\Desktop\AntraAssignments\2021June-main\MovieShopMVC\MovieShopSPA\dist\out-tsc\app\user\edit-profile\edit-profile.component.js
C:\Users\김태호\Desktop\AntraAssignments\2021June-main\MovieShopMVC\MovieShopSPA\dist\out-tsc\app\user\edit-profile\edit-profile.component.js.map
C:\Users\김태호\Desktop\AntraAssignments\2021June-main\MovieShopMVC\MovieShopSPA\dist\out-tsc\app\shared\components\not-found\not-found.component.js
C:\Users\김태호\Desktop\AntraAssignments\2021June-main\MovieShopMVC\MovieShopSPA\dist\out-tsc\app\shared\components\not-found\not-found.component.js.map
C:\Users\김태호\Desktop\AntraAssignments\2021June-main\MovieShopMVC\MovieShopSPA\dist\out-tsc\app\shared\components\not-authorized\not-authorized.component.js
C:\Users\김태호\Desktop\AntraAssignments\2021June-main\MovieShopMVC\MovieShopSPA\dist\out-tsc\app\shared\components\not-authorized\not-authorized.component.js.map
C:\Users\김태호\Desktop\AntraAssignments\2021June-main\MovieShopMVC\MovieShopSPA\dist\out-tsc\app\app.module.js
C:\Users\김태호\Desktop\AntraAssignments\2021June-main\MovieShopMVC\MovieShopSPA\dist\out-tsc\app\app.module.js.map
C:\Users\김태호\Desktop\AntraAssignments\2021June-main\MovieShopMVC\MovieShopSPA\dist\out-tsc\environments\environment.js
C:\Users\김태호\Desktop\AntraAssignments\2021June-main\MovieShopMVC\MovieShopSPA\dist\out-tsc\environments\environment.js.map
C:\Users\김태호\Desktop\AntraAssignments\2021June-main\MovieShopMVC\MovieShopSPA\dist\out-tsc\main.js
C:\Users\김태호\Desktop\AntraAssignments\2021June-main\MovieShopMVC\MovieShopSPA\dist\out-tsc\main.js.map
C:\Users\김태호\Desktop\AntraAssignments\2021June-main\MovieShopMVC\MovieShopSPA\dist\out-tsc\polyfills.js
C:\Users\김태호\Desktop\AntraAssignments\2021June-main\MovieShopMVC\MovieShopSPA\dist\out-tsc\polyfills.js.map
C:\Users\김태호\Desktop\AntraAssignments\2021June-main\MovieShopMVC\MovieShopSPA\dist\out-tsc\test.js
C:\Users\김태호\Desktop\AntraAssignments\2021June-main\MovieShopMVC\MovieShopSPA\dist\out-tsc\test.js.map
C:\Users\김태호\Desktop\AntraAssignments\2021June-main\MovieShopMVC\MovieShopSPA\dist\out-tsc\app\app.component.spec.js
C:\Users\김태호\Desktop\AntraAssignments\2021June-main\MovieShopMVC\MovieShopSPA\dist\out-tsc\app\app.component.spec.js.map
C:\Users\김태호\Desktop\AntraAssignments\2021June-main\MovieShopMVC\MovieShopSPA\dist\out-tsc\app\admin\create-cast\create-cast.component.spec.js
C:\Users\김태호\Desktop\AntraAssignments\2021June-main\MovieShopMVC\MovieShopSPA\dist\out-tsc\app\admin\create-cast\create-cast.component.spec.js.map
C:\Users\김태호\Desktop\AntraAssignments\2021June-main\MovieShopMVC\MovieShopSPA\dist\out-tsc\app\admin\create-movie\create-movie.component.spec.js
C:\Users\김태호\Desktop\AntraAssignments\2021June-main\MovieShopMVC\MovieShopSPA\dist\out-tsc\app\admin\create-movie\create-movie.component.spec.js.map
C:\Users\김태호\Desktop\AntraAssignments\2021June-main\MovieShopMVC\MovieShopSPA\dist\out-tsc\app\admin\update-cast\update-cast.component.spec.js
C:\Users\김태호\Desktop\AntraAssignments\2021June-main\MovieShopMVC\MovieShopSPA\dist\out-tsc\app\admin\update-cast\update-cast.component.spec.js.map
C:\Users\김태호\Desktop\AntraAssignments\2021June-main\MovieShopMVC\MovieShopSPA\dist\out-tsc\app\admin\update-movie\update-movie.component.spec.js
C:\Users\김태호\Desktop\AntraAssignments\2021June-main\MovieShopMVC\MovieShopSPA\dist\out-tsc\app\admin\update-movie\update-movie.component.spec.js.map
C:\Users\김태호\Desktop\AntraAssignments\2021June-main\MovieShopMVC\MovieShopSPA\dist\out-tsc\app\auth\login\login.component.spec.js
C:\Users\김태호\Desktop\AntraAssignments\2021June-main\MovieShopMVC\MovieShopSPA\dist\out-tsc\app\auth\login\login.component.spec.js.map
C:\Users\김태호\Desktop\AntraAssignments\2021June-main\MovieShopMVC\MovieShopSPA\dist\out-tsc\app\auth\register\register.component.spec.js
C:\Users\김태호\Desktop\AntraAssignments\2021June-main\MovieShopMVC\MovieShopSPA\dist\out-tsc\app\auth\register\register.component.spec.js.map
C:\Users\김태호\Desktop\AntraAssignments\2021June-main\MovieShopMVC\MovieShopSPA\dist\out-tsc\app\core\layout\genres\genres.component.spec.js
C:\Users\김태호\Desktop\AntraAssignments\2021June-main\MovieShopMVC\MovieShopSPA\dist\out-tsc\app\core\layout\genres\genres.component.spec.js.map
C:\Users\김태호\Desktop\AntraAssignments\2021June-main\MovieShopMVC\MovieShopSPA\dist\out-tsc\app\core\layout\header\header.component.spec.js
C:\Users\김태호\Desktop\AntraAssignments\2021June-main\MovieShopMVC\MovieShopSPA\dist\out-tsc\app\core\layout\header\header.component.spec.js.map
C:\Users\김태호\Desktop\AntraAssignments\2021June-main\MovieShopMVC\MovieShopSPA\dist\out-tsc\app\core\services\admin.service.js
C:\Users\김태호\Desktop\AntraAssignments\2021June-main\MovieShopMVC\MovieShopSPA\dist\out-tsc\app\core\services\admin.service.js.map
C:\Users\김태호\Desktop\AntraAssignments\2021June-main\MovieShopMVC\MovieShopSPA\dist\out-tsc\app\core\services\admin.service.spec.js
C:\Users\김태호\Desktop\AntraAssignments\2021June-main\MovieShopMVC\MovieShopSPA\dist\out-tsc\app\core\services\admin.service.spec.js.map
C:\Users\김태호\Desktop\AntraAssignments\2021June-main\MovieShopMVC\MovieShopSPA\dist\out-tsc\app\core\services\auth.service.js
C:\Users\김태호\Desktop\AntraAssignments\2021June-main\MovieShopMVC\MovieShopSPA\dist\out-tsc\app\core\services\auth.service.js.map
C:\Users\김태호\Desktop\AntraAssignments\2021June-main\MovieShopMVC\MovieShopSPA\dist\out-tsc\app\core\services\auth.service.spec.js
C:\Users\김태호\Desktop\AntraAssignments\2021June-main\MovieShopMVC\MovieShopSPA\dist\out-tsc\app\core\services\auth.service.spec.js.map
C:\Users\김태호\Desktop\AntraAssignments\2021June-main\MovieShopMVC\MovieShopSPA\dist\out-tsc\app\core\services\genre.service.js
C:\Users\김태호\Desktop\AntraAssignments\2021June-main\MovieShopMVC\MovieShopSPA\dist\out-tsc\app\core\services\genre.service.js.map
C:\Users\김태호\Desktop\AntraAssignments\2021June-main\MovieShopMVC\MovieShopSPA\dist\out-tsc\app\core\services\genre.service.spec.js
C:\Users\김태호\Desktop\AntraAssignments\2021June-main\MovieShopMVC\MovieShopSPA\dist\out-tsc\app\core\services\genre.service.spec.js.map
C:\Users\김태호\Desktop\AntraAssignments\2021June-main\MovieShopMVC\MovieShopSPA\dist\out-tsc\app\core\services\movie.service.js
C:\Users\김태호\Desktop\AntraAssignments\2021June-main\MovieShopMVC\MovieShopSPA\dist\out-tsc\app\core\services\movie.service.js.map
C:\Users\김태호\Desktop\AntraAssignments\2021June-main\MovieShopMVC\MovieShopSPA\dist\out-tsc\app\core\services\movie.service.spec.js
C:\Users\김태호\Desktop\AntraAssignments\2021June-main\MovieShopMVC\MovieShopSPA\dist\out-tsc\app\core\services\movie.service.spec.js.map
C:\Users\김태호\Desktop\AntraAssignments\2021June-main\MovieShopMVC\MovieShopSPA\dist\out-tsc\app\core\services\user.service.js
C:\Users\김태호\Desktop\AntraAssignments\2021June-main\MovieShopMVC\MovieShopSPA\dist\out-tsc\app\core\services\user.service.js.map
C:\Users\김태호\Desktop\AntraAssignments\2021June-main\MovieShopMVC\MovieShopSPA\dist\out-tsc\app\core\services\user.service.spec.js
C:\Users\김태호\Desktop\AntraAssignments\2021June-main\MovieShopMVC\MovieShopSPA\dist\out-tsc\app\core\services\user.service.spec.js.map
C:\Users\김태호\Desktop\AntraAssignments\2021June-main\MovieShopMVC\MovieShopSPA\dist\out-tsc\app\home\home.component.spec.js
C:\Users\김태호\Desktop\AntraAssignments\2021June-main\MovieShopMVC\MovieShopSPA\dist\out-tsc\app\home\home.component.spec.js.map
C:\Users\김태호\Desktop\AntraAssignments\2021June-main\MovieShopMVC\MovieShopSPA\dist\out-tsc\app\movies\movie-details\movie-details.component.spec.js
C:\Users\김태호\Desktop\AntraAssignments\2021June-main\MovieShopMVC\MovieShopSPA\dist\out-tsc\app\movies\movie-details\movie-details.component.spec.js.map
C:\Users\김태호\Desktop\AntraAssignments\2021June-main\MovieShopMVC\MovieShopSPA\dist\out-tsc\app\shared\component\movie-card\movie-card.component.spec.js
C:\Users\김태호\Desktop\AntraAssignments\2021June-main\MovieShopMVC\MovieShopSPA\dist\out-tsc\app\shared\component\movie-card\movie-card.component.spec.js.map
C:\Users\김태호\Desktop\AntraAssignments\2021June-main\MovieShopMVC\MovieShopSPA\dist\out-tsc\app\shared\components\not-authorized\not-authorized.component.spec.js
C:\Users\김태호\Desktop\AntraAssignments\2021June-main\MovieShopMVC\MovieShopSPA\dist\out-tsc\app\shared\components\not-authorized\not-authorized.component.spec.js.map
C:\Users\김태호\Desktop\AntraAssignments\2021June-main\MovieShopMVC\MovieShopSPA\dist\out-tsc\app\shared\components\not-found\not-found.component.spec.js
C:\Users\김태호\Desktop\AntraAssignments\2021June-main\MovieShopMVC\MovieShopSPA\dist\out-tsc\app\shared\components\not-found\not-found.component.spec.js.map
C:\Users\김태호\Desktop\AntraAssignments\2021June-main\MovieShopMVC\MovieShopSPA\dist\out-tsc\app\shared\models\moviecard.js
C:\Users\김태호\Desktop\AntraAssignments\2021June-main\MovieShopMVC\MovieShopSPA\dist\out-tsc\app\shared\models\moviecard.js.map
C:\Users\김태호\Desktop\AntraAssignments\2021June-main\MovieShopMVC\MovieShopSPA\dist\out-tsc\app\user\edit-profile\edit-profile.component.spec.js
C:\Users\김태호\Desktop\AntraAssignments\2021June-main\MovieShopMVC\MovieShopSPA\dist\out-tsc\app\user\edit-profile\edit-profile.component.spec.js.map
C:\Users\김태호\Desktop\AntraAssignments\2021June-main\MovieShopMVC\MovieShopSPA\dist\out-tsc\app\user\favorited-movies\favorited-movies.component.spec.js
C:\Users\김태호\Desktop\AntraAssignments\2021June-main\MovieShopMVC\MovieShopSPA\dist\out-tsc\app\user\favorited-movies\favorited-movies.component.spec.js.map
C:\Users\김태호\Desktop\AntraAssignments\2021June-main\MovieShopMVC\MovieShopSPA\dist\out-tsc\app\user\profile\profile.component.spec.js
C:\Users\김태호\Desktop\AntraAssignments\2021June-main\MovieShopMVC\MovieShopSPA\dist\out-tsc\app\user\profile\profile.component.spec.js.map
C:\Users\김태호\Desktop\AntraAssignments\2021June-main\MovieShopMVC\MovieShopSPA\dist\out-tsc\app\user\purchased-movies\purchased-movies.component.spec.js
C:\Users\김태호\Desktop\AntraAssignments\2021June-main\MovieShopMVC\MovieShopSPA\dist\out-tsc\app\user\purchased-movies\purchased-movies.component.spec.js.map
C:\Users\김태호\Desktop\AntraAssignments\2021June-main\MovieShopMVC\MovieShopSPA\dist\out-tsc\app\user\reviewed-movies\reviewed-movies.component.spec.js
C:\Users\김태호\Desktop\AntraAssignments\2021June-main\MovieShopMVC\MovieShopSPA\dist\out-tsc\app\user\reviewed-movies\reviewed-movies.component.spec.js.map
C:\Users\김태호\Desktop\AntraAssignments\2021June-main\MovieShopMVC\MovieShopSPA\dist\out-tsc\environments\environment.prod.js
C:\Users\김태호\Desktop\AntraAssignments\2021June-main\MovieShopMVC\MovieShopSPA\dist\out-tsc\environments\environment.prod.js.map
